[LOG] System::create                           : Header version = 2.00.00. Current version = 2.00.00.
[LOG] Manager::init                            : maxchannels = 256 studioflags = 00000006 flags 00000000 extradriverdata 0000000000000000.
[LOG] SystemI::init                            : Initialize version=20000 (101145), maxchannels=256, flags=0x00020000
[LOG] SystemI::setOutputInternal               : Setting output to 'FMOD WASAPI Output'
[LOG] OutputWASAPI::init                       : Mix Format (WAVEFORMATEX): wFormatTag=0xFFFE, nChannels=2, nSamplesPerSec=96000, nAvgBytesPerSec=768000, nBlockAlign=8, wBitsPerSample=32, cbSize=22.
[LOG] OutputWASAPI::init                       : Mix Format (WAVEFORMATEXTENSIBLE): wValidBitsPerSample=32, dwChannelMask=0x00000003, SubFormat=00000003-0000-0010-8000-00AA00389B71.
[LOG] OutputWASAPI::init                       : Output buffer size: 8192 samples, latency: 0.00ms, period: 10.00ms, DSP buffer: 1024 * 4
[WRN] SystemI::init                            : Output requires a sample rate of 96000Hz, resampling will occur.
[LOG] Thread::initThread                       : Init FMOD stream thread. Priority: 2, Stack Size: 65536, Semaphore: No, Sleep Time: 10, Looping: Yes.
[LOG] Thread::initThread                       : Init FMOD mixer thread. Priority: 3, Stack Size: 49152, Semaphore: No, Sleep Time: 0, Looping: Yes.
[LOG] AsyncManager::init                       : manager 000000004078E1E8 isAsync 0 updatePeriod 0.02
[LOG] AsyncManager::init                       : done
[LOG] PlaybackSystem::init                     : 
[LOG] Thread::initThread                       : Init FMOD Studio sample load thread. Priority: 0, Stack Size: 65536, Semaphore: No, Sleep Time: 1, Looping: No.
[LOG] PlaybackSystem::init                     : done
[LOG] Thread::initThread                       : Init FMOD Studio bank load thread. Priority: 0, Stack Size: 65536, Semaphore: No, Sleep Time: 1, Looping: No.
[LOG] Manager::init                            : done.
[LOG] Manager::readBank                        : fileversion = 119, compatVersion = 119 (oldest = 44, newest = 119)
[LOG] SystemI::createSound                     : filename = Assets\M.E.G. FMOD Project\Build\Desktop/Master.bank : mode 02010082
[LOG] SystemI::createSound                     : FMOD_NONBLOCKING specified.  Putting into queue to be opened asynchronously!
[LOG] SystemI::createSound                     : setdata soundi = 00000000466AE138 : node = 00000000444BE630
[LOG] SystemI::createSound                     : add node to async list : head = 000000004463F2E8.  list count = 0
[LOG] AsyncThread::threadFunc                  : Starting Asynchronous operation on sound 00000000466AE138
[LOG] SystemI::createSoundInternal             :     Create name='Assets\M.E.G. FMOD Project\Build\Desktop/Master.bank', mode=0x02010082
[LOG] SystemI::createSoundInternal             :     exinfo->cbsize             = 224
[LOG] SystemI::createSoundInternal             :     exinfo->length             = 4839232
[LOG] SystemI::createSoundInternal             :     exinfo->fileoffset         = 58144
[LOG] SystemI::createSoundInternal             :     exinfo->numsubsounds       = 1
[LOG] SystemI::createSoundInternal             :     exinfo->inclusionlist      = 00000000444BE740
[LOG] SystemI::createSoundInternal             :     exinfo->inclusionlistnum   = 1
[LOG] SystemI::createSoundInternal             :     exinfo->suggestedsoundtype = 5
[LOG] SystemI::createSoundInternal             :     exinfo->initialseekpostype = 1
[LOG] SystemI::createSoundInternal             :     Stream 0/1: name='GEM_Slider_Population_Silent', format=2, channels=2, frequency=48000, lengthbytes=114240, lengthpcm=569530, pcmblocksize=0, loopstart=0, loopend=0, mode=0x00000000, channelmask=0x00000000, channelorder=0, peakvolume=0.138489.
[LOG] AsyncThread::threadFunc                  : Finished Asynchronous operation on sound 00000000466AE138
[LOG] SoundI::getSubSound                      : sound 00000000466AE138.  Subsound index 0 / 1
[LOG] AsyncThread::threadFunc                  : Starting Asynchronous operation on sound 00000000466AE2E8
[LOG] AsyncThread::threadFunc                  : Finished Asynchronous operation on sound 00000000466AE2E8
[LOG] SoundI::release                          : GEM_Slider_Population_Silent (00000000466AE138)
[LOG] SoundI::release                          :     GEM_Slider_Population_Silent (000000005F325E18)
[LOG] SoundI::release                          :     GEM_Slider_Population_Silent (00000000466AE2E8)
[LOG] Manager::readBank                        : fileversion = 119, compatVersion = 119 (oldest = 44, newest = 119)
[LOG] SystemI::createSound                     : filename = Assets\M.E.G. FMOD Project\Build\Desktop/Master.bank : mode 02010082
[LOG] SystemI::createSound                     : FMOD_NONBLOCKING specified.  Putting into queue to be opened asynchronously!
[LOG] SystemI::createSound                     : setdata soundi = 00000000407ABBB8 : node = 00000000164F95E0
[LOG] SystemI::createSound                     : add node to async list : head = 000000004463F2E8.  list count = 0
[LOG] AsyncThread::threadFunc                  : Starting Asynchronous operation on sound 00000000407ABBB8
[LOG] SystemI::createSoundInternal             :     Create name='Assets\M.E.G. FMOD Project\Build\Desktop/Master.bank', mode=0x02010082
[LOG] SystemI::createSoundInternal             :     exinfo->cbsize             = 224
[LOG] SystemI::createSoundInternal             :     exinfo->length             = 4839232
[LOG] SystemI::createSoundInternal             :     exinfo->fileoffset         = 58144
[LOG] SystemI::createSoundInternal             :     exinfo->numsubsounds       = 1
[LOG] SystemI::createSoundInternal             :     exinfo->inclusionlist      = 00000000164F96F0
[LOG] SystemI::createSoundInternal             :     exinfo->inclusionlistnum   = 1
[LOG] SystemI::createSoundInternal             :     exinfo->suggestedsoundtype = 5
[LOG] SystemI::createSoundInternal             :     exinfo->initialseekpostype = 1
[LOG] SystemI::createSoundInternal             :     Stream 0/1: name='GEM_Slider_Population_Silent', format=2, channels=2, frequency=48000, lengthbytes=114240, lengthpcm=569530, pcmblocksize=0, loopstart=0, loopend=0, mode=0x00000000, channelmask=0x00000000, channelorder=0, peakvolume=0.138489.
[LOG] AsyncThread::threadFunc                  : Finished Asynchronous operation on sound 00000000407ABBB8
[LOG] SoundI::getSubSound                      : sound 00000000407ABBB8.  Subsound index 0 / 1
[LOG] AsyncThread::threadFunc                  : Starting Asynchronous operation on sound 00000000466AE138
[LOG] AsyncThread::threadFunc                  : Finished Asynchronous operation on sound 00000000466AE138
[LOG] SoundI::release                          : GEM_Slider_Population_Silent (00000000407ABBB8)
[LOG] SoundI::release                          :     GEM_Slider_Population_Silent (000000005F325458)
[LOG] SoundI::release                          :     GEM_Slider_Population_Silent (00000000466AE138)
[LOG] SystemI::createSound                     : filename = Assets\M.E.G. FMOD Project\Build\Desktop/Master.bank : mode 02010082
[LOG] SystemI::createSound                     : FMOD_NONBLOCKING specified.  Putting into queue to be opened asynchronously!
[LOG] SystemI::createSound                     : setdata soundi = 0000000040CD0288 : node = 0000000040473C70
[LOG] SystemI::createSound                     : add node to async list : head = 000000004463F2E8.  list count = 0
[LOG] AsyncThread::threadFunc                  : Starting Asynchronous operation on sound 0000000040CD0288
[LOG] SystemI::createSoundInternal             :     Create name='Assets\M.E.G. FMOD Project\Build\Desktop/Master.bank', mode=0x02010082
[LOG] SystemI::createSoundInternal             :     exinfo->cbsize             = 224
[LOG] SystemI::createSoundInternal             :     exinfo->length             = 4839232
[LOG] SystemI::createSoundInternal             :     exinfo->fileoffset         = 58144
[LOG] SystemI::createSoundInternal             :     exinfo->numsubsounds       = 1
[LOG] SystemI::createSoundInternal             :     exinfo->inclusionlist      = 0000000040473D80
[LOG] SystemI::createSoundInternal             :     exinfo->inclusionlistnum   = 1
[LOG] SystemI::createSoundInternal             :     exinfo->suggestedsoundtype = 5
[LOG] SystemI::createSoundInternal             :     exinfo->initialseekpostype = 1
[LOG] SystemI::createSoundInternal             :     Stream 0/1: name='GEM_Slider_Population_Silent', format=2, channels=2, frequency=48000, lengthbytes=114240, lengthpcm=569530, pcmblocksize=0, loopstart=0, loopend=0, mode=0x00000000, channelmask=0x00000000, channelorder=0, peakvolume=0.138489.
[LOG] AsyncThread::threadFunc                  : Finished Asynchronous operation on sound 0000000040CD0288
[LOG] SoundI::getSubSound                      : sound 0000000040CD0288.  Subsound index 0 / 1
[LOG] AsyncThread::threadFunc                  : Starting Asynchronous operation on sound 0000000040CD0438
[LOG] AsyncThread::threadFunc                  : Finished Asynchronous operation on sound 0000000040CD0438
[LOG] SoundI::release                          : GEM_Slider_Population_Silent (0000000040CD0288)
[LOG] SoundI::release                          :     GEM_Slider_Population_Silent (000000005F3267D8)
[LOG] SoundI::release                          :     GEM_Slider_Population_Silent (0000000040CD0438)
[LOG] Manager::readBank                        : fileversion = 119, compatVersion = 119 (oldest = 44, newest = 119)
[LOG] SystemI::createSound                     : filename = Assets\M.E.G. FMOD Project\Build\Desktop/Master.bank : mode 02010082
[LOG] SystemI::createSound                     : FMOD_NONBLOCKING specified.  Putting into queue to be opened asynchronously!
[LOG] SystemI::createSound                     : setdata soundi = 0000000040CD0288 : node = 00000000404739F0
[LOG] SystemI::createSound                     : add node to async list : head = 000000004463F2E8.  list count = 0
[LOG] AsyncThread::threadFunc                  : Starting Asynchronous operation on sound 0000000040CD0288
[LOG] SystemI::createSoundInternal             :     Create name='Assets\M.E.G. FMOD Project\Build\Desktop/Master.bank', mode=0x02010082
[LOG] SystemI::createSoundInternal             :     exinfo->cbsize             = 224
[LOG] SystemI::createSoundInternal             :     exinfo->length             = 4839232
[LOG] SystemI::createSoundInternal             :     exinfo->fileoffset         = 58144
[LOG] SystemI::createSoundInternal             :     exinfo->numsubsounds       = 1
[LOG] SystemI::createSoundInternal             :     exinfo->inclusionlist      = 0000000040473B00
[LOG] SystemI::createSoundInternal             :     exinfo->inclusionlistnum   = 1
[LOG] SystemI::createSoundInternal             :     exinfo->suggestedsoundtype = 5
[LOG] SystemI::createSoundInternal             :     exinfo->initialseekpostype = 1
[LOG] SystemI::createSoundInternal             :     Stream 0/1: name='GEM_Slider_Population_Silent', format=2, channels=2, frequency=48000, lengthbytes=114240, lengthpcm=569530, pcmblocksize=0, loopstart=0, loopend=0, mode=0x00000000, channelmask=0x00000000, channelorder=0, peakvolume=0.138489.
[LOG] AsyncThread::threadFunc                  : Finished Asynchronous operation on sound 0000000040CD0288
[LOG] SoundI::getSubSound                      : sound 0000000040CD0288.  Subsound index 0 / 1
[LOG] AsyncThread::threadFunc                  : Starting Asynchronous operation on sound 000000004654C978
[LOG] AsyncThread::threadFunc                  : Finished Asynchronous operation on sound 000000004654C978
[LOG] SoundI::release                          : GEM_Slider_Population_Silent (0000000040CD0288)
[LOG] SoundI::release                          :     GEM_Slider_Population_Silent (000000005F325AD8)
[LOG] SoundI::release                          :     GEM_Slider_Population_Silent (000000004654C978)
[LOG] SystemI::createSound                     : filename = Assets\M.E.G. FMOD Project\Build\Desktop/Master.bank : mode 02010082
[LOG] SystemI::createSound                     : FMOD_NONBLOCKING specified.  Putting into queue to be opened asynchronously!
[LOG] SystemI::createSound                     : setdata soundi = 0000000040CD0438 : node = 0000000040473EF0
[LOG] SystemI::createSound                     : add node to async list : head = 000000004463F2E8.  list count = 0
[LOG] AsyncThread::threadFunc                  : Starting Asynchronous operation on sound 0000000040CD0438
[LOG] SystemI::createSoundInternal             :     Create name='Assets\M.E.G. FMOD Project\Build\Desktop/Master.bank', mode=0x02010082
[LOG] SystemI::createSoundInternal             :     exinfo->cbsize             = 224
[LOG] SystemI::createSoundInternal             :     exinfo->length             = 4839232
[LOG] SystemI::createSoundInternal             :     exinfo->fileoffset         = 58144
[LOG] SystemI::createSoundInternal             :     exinfo->numsubsounds       = 1
[LOG] SystemI::createSoundInternal             :     exinfo->inclusionlist      = 0000000040474000
[LOG] SystemI::createSoundInternal             :     exinfo->inclusionlistnum   = 1
[LOG] SystemI::createSoundInternal             :     exinfo->suggestedsoundtype = 5
[LOG] SystemI::createSoundInternal             :     exinfo->initialseekpostype = 1
[LOG] SystemI::createSoundInternal             :     Stream 0/1: name='GEM_Slider_Population_Silent', format=2, channels=2, frequency=48000, lengthbytes=114240, lengthpcm=569530, pcmblocksize=0, loopstart=0, loopend=0, mode=0x00000000, channelmask=0x00000000, channelorder=0, peakvolume=0.138489.
[LOG] AsyncThread::threadFunc                  : Finished Asynchronous operation on sound 0000000040CD0438
[LOG] SoundI::getSubSound                      : sound 0000000040CD0438.  Subsound index 0 / 1
[LOG] AsyncThread::threadFunc                  : Starting Asynchronous operation on sound 000000004654C978
[LOG] AsyncThread::threadFunc                  : Finished Asynchronous operation on sound 000000004654C978
[LOG] SoundI::release                          : GEM_Slider_Population_Silent (0000000040CD0438)
[LOG] SoundI::release                          :     GEM_Slider_Population_Silent (000000005F325118)
[LOG] SoundI::release                          :     GEM_Slider_Population_Silent (000000004654C978)
[LOG] SystemI::createSound                     : filename = Assets\M.E.G. FMOD Project\Build\Desktop/Master.bank : mode 02010082
[LOG] SystemI::createSound                     : FMOD_NONBLOCKING specified.  Putting into queue to be opened asynchronously!
[LOG] SystemI::createSound                     : setdata soundi = 00000000406C9EF8 : node = 00000000418F4980
[LOG] SystemI::createSound                     : add node to async list : head = 000000004463F2E8.  list count = 0
[LOG] AsyncThread::threadFunc                  : Starting Asynchronous operation on sound 00000000406C9EF8
[LOG] SystemI::createSoundInternal             :     Create name='Assets\M.E.G. FMOD Project\Build\Desktop/Master.bank', mode=0x02010082
[LOG] SystemI::createSoundInternal             :     exinfo->cbsize             = 224
[LOG] SystemI::createSoundInternal             :     exinfo->length             = 4839232
[LOG] SystemI::createSoundInternal             :     exinfo->fileoffset         = 58144
[LOG] SystemI::createSoundInternal             :     exinfo->numsubsounds       = 1
[LOG] SystemI::createSoundInternal             :     exinfo->inclusionlist      = 00000000418F4A90
[LOG] SystemI::createSoundInternal             :     exinfo->inclusionlistnum   = 1
[LOG] SystemI::createSoundInternal             :     exinfo->suggestedsoundtype = 5
[LOG] SystemI::createSoundInternal             :     exinfo->initialseekpostype = 1
[LOG] SystemI::createSoundInternal             :     Stream 0/1: name='GEM_Slider_Population_Silent', format=2, channels=2, frequency=48000, lengthbytes=114240, lengthpcm=569530, pcmblocksize=0, loopstart=0, loopend=0, mode=0x00000000, channelmask=0x00000000, channelorder=0, peakvolume=0.138489.
[LOG] AsyncThread::threadFunc                  : Finished Asynchronous operation on sound 00000000406C9EF8
[LOG] SoundI::getSubSound                      : sound 00000000406C9EF8.  Subsound index 0 / 1
[LOG] AsyncThread::threadFunc                  : Starting Asynchronous operation on sound 000000004654CE88
[LOG] AsyncThread::threadFunc                  : Finished Asynchronous operation on sound 000000004654CE88
[LOG] SoundI::release                          : GEM_Slider_Population_Silent (00000000406C9EF8)
[LOG] SoundI::release                          :     GEM_Slider_Population_Silent (000000005F325AD8)
[LOG] SoundI::release                          :     GEM_Slider_Population_Silent (000000004654CE88)
[LOG] Manager::readBank                        : fileversion = 119, compatVersion = 119 (oldest = 44, newest = 119)
[LOG] Manager::readBank                        : fileversion = 119, compatVersion = 119 (oldest = 44, newest = 119)
[LOG] SystemI::createSound                     : filename = Assets\M.E.G. FMOD Project\Build\Desktop/Master.bank : mode 02010082
[LOG] SystemI::createSound                     : FMOD_NONBLOCKING specified.  Putting into queue to be opened asynchronously!
[LOG] SystemI::createSound                     : setdata soundi = 00000000406C99E8 : node = 00000000418F45C0
[LOG] SystemI::createSound                     : add node to async list : head = 000000004463F2E8.  list count = 0
[LOG] AsyncThread::threadFunc                  : Starting Asynchronous operation on sound 00000000406C99E8
[LOG] SystemI::createSoundInternal             :     Create name='Assets\M.E.G. FMOD Project\Build\Desktop/Master.bank', mode=0x02010082
[LOG] SystemI::createSoundInternal             :     exinfo->cbsize             = 224
[LOG] SystemI::createSoundInternal             :     exinfo->length             = 4839232
[LOG] SystemI::createSoundInternal             :     exinfo->fileoffset         = 58144
[LOG] SystemI::createSoundInternal             :     exinfo->numsubsounds       = 1
[LOG] SystemI::createSoundInternal             :     exinfo->inclusionlist      = 00000000418F46D0
[LOG] SystemI::createSoundInternal             :     exinfo->inclusionlistnum   = 1
[LOG] SystemI::createSoundInternal             :     exinfo->suggestedsoundtype = 5
[LOG] SystemI::createSoundInternal             :     exinfo->initialseekpostype = 1
[LOG] SystemI::createSoundInternal             :     Stream 0/1: name='GEM_Slider_Population_Silent', format=2, channels=2, frequency=48000, lengthbytes=114240, lengthpcm=569530, pcmblocksize=0, loopstart=0, loopend=0, mode=0x00000000, channelmask=0x00000000, channelorder=0, peakvolume=0.138489.
[LOG] AsyncThread::threadFunc                  : Finished Asynchronous operation on sound 00000000406C99E8
[LOG] SoundI::getSubSound                      : sound 00000000406C99E8.  Subsound index 0 / 1
[LOG] AsyncThread::threadFunc                  : Starting Asynchronous operation on sound 0000000040981388
[LOG] AsyncThread::threadFunc                  : Finished Asynchronous operation on sound 0000000040981388
[LOG] SoundI::release                          : GEM_Slider_Population_Silent (00000000406C99E8)
[LOG] SoundI::release                          :     GEM_Slider_Population_Silent (000000005F325458)
[LOG] SoundI::release                          :     GEM_Slider_Population_Silent (0000000040981388)
[LOG] SystemI::createSound                     : filename = Assets\M.E.G. FMOD Project\Build\Desktop/Master.bank : mode 02010082
[LOG] SystemI::createSound                     : FMOD_NONBLOCKING specified.  Putting into queue to be opened asynchronously!
[LOG] SystemI::createSound                     : setdata soundi = 00000000406C9B98 : node = 00000000418F4200
[LOG] SystemI::createSound                     : add node to async list : head = 000000004463F2E8.  list count = 0
[LOG] AsyncThread::threadFunc                  : Starting Asynchronous operation on sound 00000000406C9B98
[LOG] SystemI::createSoundInternal             :     Create name='Assets\M.E.G. FMOD Project\Build\Desktop/Master.bank', mode=0x02010082
[LOG] SystemI::createSoundInternal             :     exinfo->cbsize             = 224
[LOG] SystemI::createSoundInternal             :     exinfo->length             = 4839232
[LOG] SystemI::createSoundInternal             :     exinfo->fileoffset         = 58144
[LOG] SystemI::createSoundInternal             :     exinfo->numsubsounds       = 1
[LOG] SystemI::createSoundInternal             :     exinfo->inclusionlist      = 00000000418F4310
[LOG] SystemI::createSoundInternal             :     exinfo->inclusionlistnum   = 1
[LOG] SystemI::createSoundInternal             :     exinfo->suggestedsoundtype = 5
[LOG] SystemI::createSoundInternal             :     exinfo->initialseekpostype = 1
[LOG] SystemI::createSoundInternal             :     Stream 0/1: name='GEM_Slider_Population_Silent', format=2, channels=2, frequency=48000, lengthbytes=114240, lengthpcm=569530, pcmblocksize=0, loopstart=0, loopend=0, mode=0x00000000, channelmask=0x00000000, channelorder=0, peakvolume=0.138489.
[LOG] AsyncThread::threadFunc                  : Finished Asynchronous operation on sound 00000000406C9B98
[LOG] SoundI::getSubSound                      : sound 00000000406C9B98.  Subsound index 0 / 1
[LOG] AsyncThread::threadFunc                  : Starting Asynchronous operation on sound 0000000040981388
[LOG] AsyncThread::threadFunc                  : Finished Asynchronous operation on sound 0000000040981388
[LOG] SoundI::release                          : GEM_Slider_Population_Silent (00000000406C9B98)
[LOG] SoundI::release                          :     GEM_Slider_Population_Silent (000000005F325C78)
[LOG] SoundI::release                          :     GEM_Slider_Population_Silent (0000000040981388)
[LOG] SystemI::createSound                     : filename = Assets\M.E.G. FMOD Project\Build\Desktop/Master.bank : mode 02010082
[LOG] SystemI::createSound                     : FMOD_NONBLOCKING specified.  Putting into queue to be opened asynchronously!
[LOG] SystemI::createSound                     : setdata soundi = 00000000406C99E8 : node = 00000000418F4D40
[LOG] SystemI::createSound                     : add node to async list : head = 000000004463F2E8.  list count = 0
[LOG] AsyncThread::threadFunc                  : Starting Asynchronous operation on sound 00000000406C99E8
[LOG] SystemI::createSoundInternal             :     Create name='Assets\M.E.G. FMOD Project\Build\Desktop/Master.bank', mode=0x02010082
[LOG] SystemI::createSoundInternal             :     exinfo->cbsize             = 224
[LOG] SystemI::createSoundInternal             :     exinfo->length             = 4839232
[LOG] SystemI::createSoundInternal             :     exinfo->fileoffset         = 58144
[LOG] SystemI::createSoundInternal             :     exinfo->numsubsounds       = 1
[LOG] SystemI::createSoundInternal             :     exinfo->inclusionlist      = 00000000418F4E50
[LOG] SystemI::createSoundInternal             :     exinfo->inclusionlistnum   = 1
[LOG] SystemI::createSoundInternal             :     exinfo->suggestedsoundtype = 5
[LOG] SystemI::createSoundInternal             :     exinfo->initialseekpostype = 1
[LOG] SystemI::createSoundInternal             :     Stream 0/1: name='GEM_Slider_Population_Silent', format=2, channels=2, frequency=48000, lengthbytes=114240, lengthpcm=569530, pcmblocksize=0, loopstart=0, loopend=0, mode=0x00000000, channelmask=0x00000000, channelorder=0, peakvolume=0.138489.
[LOG] AsyncThread::threadFunc                  : Finished Asynchronous operation on sound 00000000406C99E8
[LOG] SoundI::getSubSound                      : sound 00000000406C99E8.  Subsound index 0 / 1
[LOG] AsyncThread::threadFunc                  : Starting Asynchronous operation on sound 0000000040981388
[LOG] AsyncThread::threadFunc                  : Finished Asynchronous operation on sound 0000000040981388
[LOG] Manager::readBank                        : fileversion = 119, compatVersion = 119 (oldest = 44, newest = 119)
[LOG] SoundI::release                          : GEM_Slider_Population_Silent (00000000406C99E8)
[LOG] SoundI::release                          :     GEM_Slider_Population_Silent (000000005F3252B8)
[LOG] SoundI::release                          :     GEM_Slider_Population_Silent (0000000040981388)
[LOG] SoundI::release                          :  (00000000404158D8)
[LOG] SoundI::release                          :     GEM_Slider_Policy_PoliceLoop (000000004463E978)
[LOG] SoundI::release                          :  (0000000040414908)
[LOG] SoundI::release                          :     GEM_Slider_Policy_People (000000004463C418)
[LOG] SoundI::release                          :  (0000000040415A48)
[LOG] SoundI::release                          :     GEM_Slider_Technology_Empty (000000004463C278)
[LOG] SoundI::release                          :  (000000005211A7E8)
[LOG] SoundI::release                          :     GEM_Slider_Technology_Full (000000004463DFB8)
[LOG] SoundI::release                          :  (00000000404162E8)
[LOG] SoundI::release                          :     GEM_Slider_Coin_1 (000000004463D798)
[LOG] SoundI::release                          :  (0000000040415488)
[LOG] SoundI::release                          :     GEM_Slider_Coin_2 (000000004463F338)
[LOG] SoundI::release                          :  (000000005211BA98)
[LOG] SoundI::release                          :     GEM_Slider_Coin_3 (000000004463CF78)
[LOG] SoundI::release                          :  (00000000404155F8)
[LOG] SoundI::release                          :     GEM_Slider_Coin_4 (000000004463BF38)
[LOG] SoundI::release                          :  (0000000040415318)
[LOG] SoundI::release                          :     GEM_Slider_Economy_Money_1 (000000004463D118)
[LOG] SoundI::release                          :  (0000000040416008)
[LOG] SoundI::release                          :     GEM_Slider_Economy_Money_2 (000000004463F4D8)
[LOG] SoundI::release                          :  (0000000040414798)
[LOG] SoundI::release                          :     GEM_Slider_Economy_Money_3 (000000004463F818)
[LOG] SoundI::release                          :  (000000005211B648)
[LOG] SoundI::release                          :     GEM_Slider_Economy_Money_4 (000000004463E638)
[LOG] SoundI::release                          :  (000000005211AF18)
[LOG] SoundI::release                          :     GEM_Slider_Resources_Min_Nature (000000004463BBF8)
[LOG] SoundI::release                          : GEM_Ambiance (000000004654CCD8)
[LOG] SoundI::release                          :     GEM_Ambiance (000000004463C8F8)
[LOG] SoundI::release                          :     GEM_Ambiance (000000004654C7C8)
[LOG] SoundI::release                          :  (0000000040415D28)
[LOG] SoundI::release                          :     GEM_Slider_Resources_Max (000000004463EFF8)
[LOG] SoundI::release                          :  (000000005211B368)
[LOG] SoundI::release                          :     GEM_Slider_Resources_Min_Windmill (000000004463BA58)
[LOG] SoundI::release                          :  (0000000040414EC8)
[LOG] SoundI::release                          :     GEM_Slider_Lifestyle_Beat (000000004463E7D8)
[LOG] SoundI::release                          :  (000000005211B4D8)
[LOG] SoundI::release                          :     GEM_Slider_Lifestyle_Nature (000000004463F678)
[LOG] SoundI::release                          :  (000000005211B1F8)
[LOG] SoundI::release                          :     GEM_Slider_Population_Wild (000000004463BD98)
[LOG] SoundI::release                          :  (0000000040415768)
[LOG] SoundI::release                          :     GEM_Slider_Economy_Slide (000000004463D2B8)
[LOG] Thread::callback                         : FMOD Studio update thread finished.
[LOG] Thread::callback                         : FMOD Studio bank load thread finished.
[LOG] Thread::callback                         : FMOD Studio sample load thread finished.
[LOG] LiveUpdate::release                      : 
[LOG] LiveUpdate::reset                        : Reset connection (reason Disconnected)
[LOG] Thread::callback                         : FMOD stream thread finished.
[LOG] Thread::callback                         : FMOD mixer thread finished.
[LOG] SystemI::close                           : Closed.
